[00:59:52] [ServerMain/INFO]: [bootstrap] Running Java 21 (OpenJDK 64-Bit Server VM 21.0.7+6-Ubuntu-0ubuntu124.04; Ubuntu null) on Linux 6.8.0-1027-azure (amd64)
[00:59:52] [ServerMain/INFO]: [bootstrap] Loading Paper 1.21-130-master@b1b5d4c (2024-08-10T10:02:42Z) for Minecraft 1.21
[00:59:52] [ServerMain/INFO]: [PluginInitializerManager] Initializing plugins...
[00:59:52] [ServerMain/INFO]: [PluginInitializerManager] Initialized 0 plugins
[00:59:57] [ServerMain/INFO]: Environment: Environment[sessionHost=https://sessionserver.mojang.com, servicesHost=https://api.minecraftservices.com, name=PROD]
[00:59:59] [ServerMain/INFO]: Loaded 1290 recipes
[01:00:00] [ServerMain/INFO]: Loaded 1399 advancements
[01:00:00] [Server thread/INFO]: Starting minecraft server version 1.21
[01:00:00] [Server thread/INFO]: Loading properties
[01:00:00] [Server thread/INFO]: This server is running Paper version 1.21-130-master@b1b5d4c (2024-08-10T10:02:42Z) (Implementing API version 1.21-R0.1-SNAPSHOT)
[01:00:01] [Server thread/INFO]: [spark] This server bundles the spark profiler. For more information please visit https://docs.papermc.io/paper/profiling
[01:00:01] [Server thread/INFO]: Server Ping Player Sample Count: 12
[01:00:01] [Server thread/INFO]: Using 4 threads for Netty based IO
[01:00:01] [Server thread/INFO]: [ChunkTaskScheduler] Chunk system is using 1 I/O threads, 1 worker threads, and population gen parallelism of 1 threads
[01:00:02] [Server thread/INFO]: Default game type: SURVIVAL
[01:00:02] [Server thread/INFO]: Generating keypair
[01:00:02] [Server thread/INFO]: Starting Minecraft server on *:25565
[01:00:02] [Server thread/INFO]: Using epoll channel type
[01:00:02] [Server thread/INFO]: Paper: Using libdeflate (Linux x86_64) compression from Velocity.
[01:00:02] [Server thread/INFO]: Paper: Using OpenSSL 3.0.x (Linux x86_64) cipher from Velocity.
[01:00:02] [Server thread/INFO]: Server permissions file permissions.yml is empty, ignoring it
[01:00:02] [Server thread/WARN]: **** SERVER IS RUNNING IN OFFLINE/INSECURE MODE!
[01:00:02] [Server thread/WARN]: The server will make no attempt to authenticate usernames. Beware.
[01:00:02] [Server thread/WARN]: While this makes the game possible to play without internet access, it also opens up the ability for hackers to connect with any username they choose.
[01:00:02] [Server thread/WARN]: To change this, set "online-mode" to "true" in the server.properties file.
[01:00:02] [Server thread/INFO]: Preparing level "world"
[01:00:02] [Server thread/INFO]: Preparing start region for dimension minecraft:overworld
[01:00:17] [Server thread/INFO]: Time elapsed: 14468 ms
[01:00:17] [Server thread/INFO]: Preparing start region for dimension minecraft:the_nether
[01:00:17] [Server thread/INFO]: Time elapsed: 427 ms
[01:00:17] [Server thread/INFO]: Preparing start region for dimension minecraft:the_end
[01:00:17] [Server thread/INFO]: Time elapsed: 281 ms
[01:00:17] [Server thread/INFO]: [spark] Starting background profiler...
[01:00:18] [Server thread/INFO]: Done preparing level "world" (16.606s)
[01:00:18] [Server thread/INFO]: Running delayed init tasks
[01:00:18] [Server thread/INFO]: Done (28.814s)! For help, type "help"
[01:00:18] [Server thread/INFO]: Timings Reset
